c:\users\adi\desktop\sfml4.0\sfml4.0\x64\release\vc140.pdb
c:\users\adi\desktop\sfml4.0\sfml4.0\x64\release\ball.obj
c:\users\adi\desktop\sfml4.0\sfml4.0\x64\release\source.obj
c:\users\adi\desktop\sfml4.0\sfml4.0\x64\release\player.obj
c:\users\adi\desktop\sfml4.0\sfml4.0\x64\release\plant.obj
c:\users\adi\desktop\sfml4.0\sfml4.0\x64\release\item.obj
c:\users\adi\desktop\ilay\projects\cpp-projects\ga\sfml4.0\x64\release\vc140.pdb
c:\users\adi\desktop\ilay\projects\cpp-projects\ga\sfml4.0\x64\release\source.obj
c:\users\adi\desktop\ilay\projects\cpp-projects\ga\sfml4.0\x64\release\props.obj
c:\users\adi\desktop\ilay\projects\cpp-projects\ga\sfml4.0\x64\release\players.obj
c:\users\adi\desktop\ilay\projects\cpp-projects\ga\sfml4.0\x64\release\player.obj
c:\users\adi\desktop\ilay\projects\cpp-projects\ga\sfml4.0\x64\release\plantfarm.obj
c:\users\adi\desktop\ilay\projects\cpp-projects\ga\sfml4.0\x64\release\plant.obj
c:\users\adi\desktop\ilay\projects\cpp-projects\ga\sfml4.0\x64\release\item.obj
c:\users\adi\desktop\ilay\projects\cpp-projects\ga\sfml4.0\x64\release\enemy.obj
c:\users\adi\desktop\ilay\projects\cpp-projects\ga\sfml4.0\x64\release\enemies.obj
c:\users\adi\desktop\ilay\projects\cpp-projects\ga\sfml4.0\x64\release\brain.obj
c:\users\adi\desktop\ilay\projects\cpp-projects\ga\sfml4.0\x64\release\ball.obj
c:\users\adi\desktop\sfml4.0\x64\release\sfml4.0.exe
c:\users\adi\desktop\sfml4.0\x64\release\sfml4.0.ipdb
c:\users\adi\desktop\sfml4.0\x64\release\sfml4.0.iobj
c:\users\adi\desktop\sfml4.0\x64\release\sfml4.0.pdb
c:\users\adi\desktop\ilay\projects\cpp-projects\ga\x64\release\sfml4.0.exe
c:\users\adi\desktop\ilay\projects\cpp-projects\ga\x64\release\sfml4.0.ipdb
c:\users\adi\desktop\ilay\projects\cpp-projects\ga\x64\release\sfml4.0.iobj
c:\users\adi\desktop\ilay\projects\cpp-projects\ga\x64\release\sfml4.0.pdb
c:\users\adi\desktop\ilay\projects\cpp-projects\ga\sfml4.0\x64\release\sfml4.0.tlog\cl.command.1.tlog
c:\users\adi\desktop\ilay\projects\cpp-projects\ga\sfml4.0\x64\release\sfml4.0.tlog\cl.read.1.tlog
c:\users\adi\desktop\ilay\projects\cpp-projects\ga\sfml4.0\x64\release\sfml4.0.tlog\cl.write.1.tlog
c:\users\adi\desktop\ilay\projects\cpp-projects\ga\sfml4.0\x64\release\sfml4.0.tlog\link.command.1.tlog
c:\users\adi\desktop\ilay\projects\cpp-projects\ga\sfml4.0\x64\release\sfml4.0.tlog\link.read.1.tlog
c:\users\adi\desktop\ilay\projects\cpp-projects\ga\sfml4.0\x64\release\sfml4.0.tlog\link.write.1.tlog
